#
# A fatal error has been detected by the Java Runtime Environment:
#
#  EXCEPTION_ACCESS_VIOLATION (0xc0000005) at pc=0x0000000000000000, pid=26420, tid=18044
#
# JRE version: OpenJDK Runtime Environment (11.0.5+10) (build 11.0.5+10-b520.30)
# Java VM: OpenJDK 64-Bit Server VM (11.0.5+10-b520.30, mixed mode, sharing, tiered, compressed oops, g1 gc, windows-amd64)
# Problematic frame:
# C  0x0000000000000000
#
# No core dump will be written. Minidumps are not enabled by default on client versions of Windows
#
# If you would like to submit a bug report, please visit:
#   http://bugreport.java.com/bugreport/crash.jsp
# The crash happened outside the Java Virtual Machine in native code.
# See problematic frame for where to report the bug.
#

---------------  S U M M A R Y ------------

Command Line: -Dvisualvm.id=866972073951600 -ea -Didea.test.cyclic.buffer.size=1048576 -javaagent:D:\Programms\IntelliJ IDEA 2019.3.2\lib\idea_rt.jar=51694:D:\Programms\IntelliJ IDEA 2019.3.2\bin -Dfile.encoding=UTF-8 com.intellij.rt.junit.JUnitStarter -ideVersion5 @w@C:\Users\matve\AppData\Local\Temp\idea_working_dirs_junit.tmp @C:\Users\matve\AppData\Local\Temp\idea_junit.tmp -socket51693

Host: Intel(R) Core(TM) i7-7700HQ CPU @ 2.80GHz, 8 cores, 15G,  Windows 10 , 64 bit Build 19041 (10.0.19041.546)
Time: Mon Oct 26 19:04:12 2020 RTZ 2 (зима) elapsed time: 9 seconds (0d 0h 0m 9s)

---------------  T H R E A D  ---------------

Current thread (0x0000025c9fc90800):  JavaThread "Thread-0" [_thread_in_native, id=18044, stack(0x000000a233e00000,0x000000a233f00000)]

Stack: [0x000000a233e00000,0x000000a233f00000],  sp=0x000000a233efed28,  free space=1019k
Native frames: (J=compiled Java code, j=interpreted, Vv=VM code, C=native code)

Java frames: (J=compiled Java code, j=interpreted, Vv=VM code)
j  org.sqlite.core.NativeDB._exec(Ljava/lang/String;)I+0
j  org.sqlite.jdbc3.JDBC3Statement.executeUpdate(Ljava/lang/String;)I+46
j  ru.akirakozov.sd.refactoring.Main.main([Ljava/lang/String;)V+18
j  ru.akirakozov.sd.refactoring.TestServerSetUpUtil.lambda$runServer$0()V+4
j  ru.akirakozov.sd.refactoring.TestServerSetUpUtil$$Lambda$49.run()V+0
j  java.lang.Thread.run()V+11 java.base@11.0.5
v  ~StubRoutines::call_stub

siginfo: EXCEPTION_ACCESS_VIOLATION (0xc0000005), data execution prevention violation at address 0x0000000000000000


Register to memory mapping:

RIP=0x0 is NULL
RAX=0x0000000000ddd47d sqlite-3.8.11.2-8eb98fd1-b12c-4d8f-a712-f82c419bc6db-sqlitejdbc.dll
RBX=0x0000025c9bd3d520 points into unknown readable memory: 43 52 45 41 54 45 20 54
RCX=0x0000025cf9148ff8 points into unknown readable memory: ff ff ff ff ff ff ff ff
RDX=0x0000025c9bd3d520 points into unknown readable memory: 43 52 45 41 54 45 20 54
RSP=0x000000a233efed28 is pointing into the stack for thread: 0x0000025c9fc90800
RBP=0x0000025c9bd3d520 points into unknown readable memory: 43 52 45 41 54 45 20 54
RSI=0x0000025ca162fba8 points into unknown readable memory: 60 8c 61 6d 00 00 00 00
RDI=0x000000a233efeef8 is pointing into the stack for thread: 0x0000025c9fc90800
R8 =0x0 is NULL
R9 =0x0 is NULL
R10=0x0000025c9bd3d5b4 points into unknown readable memory: 00 53 74 72
R11=0x000000a233efedd0 is pointing into the stack for thread: 0x0000025c9fc90800
R12=0x0 is NULL
R13=0x0000025c9ef979b8 is pointing into metadata
R14=0x0000025ca162fba8 points into unknown readable memory: 60 8c 61 6d 00 00 00 00
R15=0x0000025c9fc90800 is a thread


Registers:
RAX=0x0000000000ddd47d, RBX=0x0000025c9bd3d520, RCX=0x0000025cf9148ff8, RDX=0x0000025c9bd3d520
RSP=0x000000a233efed28, RBP=0x0000025c9bd3d520, RSI=0x0000025ca162fba8, RDI=0x000000a233efeef8
R8 =0x0000000000000000, R9 =0x0000000000000000, R10=0x0000025c9bd3d5b4, R11=0x000000a233efedd0
R12=0x0000000000000000, R13=0x0000025c9ef979b8, R14=0x0000025ca162fba8, R15=0x0000025c9fc90800
RIP=0x0000000000000000, EFLAGS=0x0000000000010202

Top of Stack: (sp=0x000000a233efed28)
0x000000a233efed28:   0000000000daab64 0000025c9bd3d520
0x000000a233efed38:   0000000000000095 000000019c0f0000
0x000000a233efed48:   0000025c9fc90800 000000a233eff3a8
0x000000a233efed58:   00007ffeec65edd4 0000025c9fc90800
0x000000a233efed68:   0000000000000094 0000025c9bd3d520
0x000000a233efed78:   0000000000000000 0000025c9fc90800
0x000000a233efed88:   0000000000000000 000000a233efee20
0x000000a233efed98:   0000025c9fc90b40 0000025ca162fba8
0x000000a233efeda8:   000000a233efeef8 0000025c9bd3d520
0x000000a233efedb8:   0000000000000000 0000025c9ef979b8
0x000000a233efedc8:   000000a233efef00 0000025c9fc90800
0x000000a233efedd8:   0000000000d4210e 0000025c9fc90b40
0x000000a233efede8:   000000a233efef00 0000025ca162fba8
0x000000a233efedf8:   0000000000000000 000000a233efee18
0x000000a233efee08:   0000025c9fc90800 0000025c80009880
0x000000a233efee18:   0000025c8000fc9d 000000a233eff300 

Instructions: (pc=0x0000000000000000)
0xffffffffffffff00:   


Stack slot to memory mapping:
stack at sp + 0 slots: 0x0000000000daab64 sqlite-3.8.11.2-8eb98fd1-b12c-4d8f-a712-f82c419bc6db-sqlitejdbc.dll
stack at sp + 1 slots: 0x0000025c9bd3d520 points into unknown readable memory: 43 52 45 41 54 45 20 54
stack at sp + 2 slots: 0x0000000000000095 is an unknown value
stack at sp + 3 slots: 0x000000019c0f0000 is an unknown value
stack at sp + 4 slots: 0x0000025c9fc90800 is a thread
stack at sp + 5 slots: 0x000000a233eff3a8 is pointing into the stack for thread: 0x0000025c9fc90800
stack at sp + 6 slots: 0x00007ffeec65edd4 jvm.dll
stack at sp + 7 slots: 0x0000025c9fc90800 is a thread


---------------  P R O C E S S  ---------------

Threads class SMR info:
_java_thread_list=0x0000025c9cae2c20, length=13, elements={
0x0000025cfb10f800, 0x0000025c9a7f8800, 0x0000025c9a7f9800, 0x0000025c9a820000,
0x0000025c9a821000, 0x0000025c9a822000, 0x0000025c9a826800, 0x0000025c9a827800,
0x0000025c9b0d0800, 0x0000025c9b2e9800, 0x0000025c9b2ee000, 0x0000025c9fc90800,
0x0000025c9bed7800
}

Java Threads: ( => current thread )
  0x0000025cfb10f800 JavaThread "main" [_thread_in_native, id=19272, stack(0x000000a232500000,0x000000a232600000)]
  0x0000025c9a7f8800 JavaThread "Reference Handler" daemon [_thread_blocked, id=22156, stack(0x000000a232c00000,0x000000a232d00000)]
  0x0000025c9a7f9800 JavaThread "Finalizer" daemon [_thread_blocked, id=25364, stack(0x000000a232d00000,0x000000a232e00000)]
  0x0000025c9a820000 JavaThread "Signal Dispatcher" daemon [_thread_blocked, id=27092, stack(0x000000a232e00000,0x000000a232f00000)]
  0x0000025c9a821000 JavaThread "Attach Listener" daemon [_thread_blocked, id=28140, stack(0x000000a232f00000,0x000000a233000000)]
  0x0000025c9a822000 JavaThread "C2 CompilerThread0" daemon [_thread_blocked, id=13856, stack(0x000000a233000000,0x000000a233100000)]
  0x0000025c9a826800 JavaThread "C1 CompilerThread0" daemon [_thread_blocked, id=12212, stack(0x000000a233100000,0x000000a233200000)]
  0x0000025c9a827800 JavaThread "Sweeper thread" daemon [_thread_blocked, id=12388, stack(0x000000a233200000,0x000000a233300000)]
  0x0000025c9b0d0800 JavaThread "Common-Cleaner" daemon [_thread_blocked, id=22488, stack(0x000000a233300000,0x000000a233400000)]
  0x0000025c9b2e9800 JavaThread "Monitor Ctrl-Break" daemon [_thread_in_native, id=2416, stack(0x000000a233500000,0x000000a233600000)]
  0x0000025c9b2ee000 JavaThread "Service Thread" daemon [_thread_blocked, id=13728, stack(0x000000a233600000,0x000000a233700000)]
=>0x0000025c9fc90800 JavaThread "Thread-0" [_thread_in_native, id=18044, stack(0x000000a233e00000,0x000000a233f00000)]
  0x0000025c9bed7800 JavaThread "C2 CompilerThread1" daemon [_thread_blocked, id=18820, stack(0x000000a233400000,0x000000a233500000)]

Other Threads:
  0x0000025c9a7f7000 VMThread "VM Thread" [stack: 0x000000a232b00000,0x000000a232c00000] [id=21124]
  0x0000025c9b3b9800 WatcherThread [stack: 0x000000a233700000,0x000000a233800000] [id=10692]
  0x0000025cfb127000 GCTaskThread "GC Thread#0" [stack: 0x000000a232600000,0x000000a232700000] [id=19648]
  0x0000025c9be1d800 GCTaskThread "GC Thread#1" [stack: 0x000000a233800000,0x000000a233900000] [id=16144]
  0x0000025c9be4e800 GCTaskThread "GC Thread#2" [stack: 0x000000a233900000,0x000000a233a00000] [id=16732]
  0x0000025c9be96800 GCTaskThread "GC Thread#3" [stack: 0x000000a233a00000,0x000000a233b00000] [id=10196]
  0x0000025c9be97800 GCTaskThread "GC Thread#4" [stack: 0x000000a233b00000,0x000000a233c00000] [id=7884]
  0x0000025c9bce2000 GCTaskThread "GC Thread#5" [stack: 0x000000a233c00000,0x000000a233d00000] [id=26740]
  0x0000025cfb183800 ConcurrentGCThread "G1 Main Marker" [stack: 0x000000a232700000,0x000000a232800000] [id=9800]
  0x0000025cfb186800 ConcurrentGCThread "G1 Conc#0" [stack: 0x000000a232800000,0x000000a232900000] [id=3040]
  0x0000025c9a707000 ConcurrentGCThread "G1 Refine#0" [stack: 0x000000a232900000,0x000000a232a00000] [id=10004]
  0x0000025c9a708000 ConcurrentGCThread "G1 Young RemSet Sampling" [stack: 0x000000a232a00000,0x000000a232b00000] [id=27260]

Threads with active compile tasks:

VM state:not at safepoint (normal execution)

VM Mutex/Monitor currently owned by a thread: None

Heap address: 0x0000000702000000, size: 4064 MB, Compressed Oops mode: Zero based, Oop shift amount: 3
Narrow klass base: 0x0000000800000000, Narrow klass shift: 3
Compressed class space size: 1073741824 Address: 0x0000000840000000

Heap:
 garbage-first heap   total 260096K, used 67294K [0x0000000702000000, 0x0000000800000000)
  region size 1024K, 65 young (66560K), 8 survivors (8192K)
 Metaspace       used 11020K, capacity 12409K, committed 12672K, reserved 1060864K
  class space    used 1111K, capacity 1386K, committed 1408K, reserved 1048576K
Heap Regions: E=young(eden), S=young(survivor), O=old, HS=humongous(starts), HC=humongous(continues), CS=collection set, F=free, A=archive, TAMS=top-at-mark-start (previous, next)
|   0|0x0000000702000000, 0x0000000702100000, 0x0000000702100000|100%| O|  |TAMS 0x0000000702000000, 0x0000000702000000| Untracked 
|   1|0x0000000702100000, 0x00000007021b7a00, 0x0000000702200000| 71%| O|  |TAMS 0x0000000702100000, 0x0000000702100000| Untracked 
|   2|0x0000000702200000, 0x0000000702200000, 0x0000000702300000|  0%| F|  |TAMS 0x0000000702200000, 0x0000000702200000| Untracked 
|   3|0x0000000702300000, 0x0000000702300000, 0x0000000702400000|  0%| F|  |TAMS 0x0000000702300000, 0x0000000702300000| Untracked 
|   4|0x0000000702400000, 0x0000000702400000, 0x0000000702500000|  0%| F|  |TAMS 0x0000000702400000, 0x0000000702400000| Untracked 
|   5|0x0000000702500000, 0x0000000702500000, 0x0000000702600000|  0%| F|  |TAMS 0x0000000702500000, 0x0000000702500000| Untracked 
|   6|0x0000000702600000, 0x0000000702600000, 0x0000000702700000|  0%| F|  |TAMS 0x0000000702600000, 0x0000000702600000| Untracked 
|   7|0x0000000702700000, 0x0000000702700000, 0x0000000702800000|  0%| F|  |TAMS 0x0000000702700000, 0x0000000702700000| Untracked 
|   8|0x0000000702800000, 0x0000000702800000, 0x0000000702900000|  0%| F|  |TAMS 0x0000000702800000, 0x0000000702800000| Untracked 
|   9|0x0000000702900000, 0x0000000702900000, 0x0000000702a00000|  0%| F|  |TAMS 0x0000000702900000, 0x0000000702900000| Untracked 
|  10|0x0000000702a00000, 0x0000000702a00000, 0x0000000702b00000|  0%| F|  |TAMS 0x0000000702a00000, 0x0000000702a00000| Untracked 
|  11|0x0000000702b00000, 0x0000000702b00000, 0x0000000702c00000|  0%| F|  |TAMS 0x0000000702b00000, 0x0000000702b00000| Untracked 
|  12|0x0000000702c00000, 0x0000000702c00000, 0x0000000702d00000|  0%| F|  |TAMS 0x0000000702c00000, 0x0000000702c00000| Untracked 
|  13|0x0000000702d00000, 0x0000000702d00000, 0x0000000702e00000|  0%| F|  |TAMS 0x0000000702d00000, 0x0000000702d00000| Untracked 
|  14|0x0000000702e00000, 0x0000000702e00000, 0x0000000702f00000|  0%| F|  |TAMS 0x0000000702e00000, 0x0000000702e00000| Untracked 
|  15|0x0000000702f00000, 0x0000000702f00000, 0x0000000703000000|  0%| F|  |TAMS 0x0000000702f00000, 0x0000000702f00000| Untracked 
|  16|0x0000000703000000, 0x0000000703000000, 0x0000000703100000|  0%| F|  |TAMS 0x0000000703000000, 0x0000000703000000| Untracked 
|  17|0x0000000703100000, 0x0000000703100000, 0x0000000703200000|  0%| F|  |TAMS 0x0000000703100000, 0x0000000703100000| Untracked 
|  18|0x0000000703200000, 0x0000000703200000, 0x0000000703300000|  0%| F|  |TAMS 0x0000000703200000, 0x0000000703200000| Untracked 
|  19|0x0000000703300000, 0x0000000703300000, 0x0000000703400000|  0%| F|  |TAMS 0x0000000703300000, 0x0000000703300000| Untracked 
|  20|0x0000000703400000, 0x0000000703400000, 0x0000000703500000|  0%| F|  |TAMS 0x0000000703400000, 0x0000000703400000| Untracked 
|  21|0x0000000703500000, 0x0000000703500000, 0x0000000703600000|  0%| F|  |TAMS 0x0000000703500000, 0x0000000703500000| Untracked 
|  22|0x0000000703600000, 0x0000000703600000, 0x0000000703700000|  0%| F|  |TAMS 0x0000000703600000, 0x0000000703600000| Untracked 
|  23|0x0000000703700000, 0x0000000703700000, 0x0000000703800000|  0%| F|  |TAMS 0x0000000703700000, 0x0000000703700000| Untracked 
|  24|0x0000000703800000, 0x0000000703800000, 0x0000000703900000|  0%| F|  |TAMS 0x0000000703800000, 0x0000000703800000| Untracked 
|  25|0x0000000703900000, 0x0000000703900000, 0x0000000703a00000|  0%| F|  |TAMS 0x0000000703900000, 0x0000000703900000| Untracked 
|  26|0x0000000703a00000, 0x0000000703a00000, 0x0000000703b00000|  0%| F|  |TAMS 0x0000000703a00000, 0x0000000703a00000| Untracked 
|  27|0x0000000703b00000, 0x0000000703b00000, 0x0000000703c00000|  0%| F|  |TAMS 0x0000000703b00000, 0x0000000703b00000| Untracked 
|  28|0x0000000703c00000, 0x0000000703c00000, 0x0000000703d00000|  0%| F|  |TAMS 0x0000000703c00000, 0x0000000703c00000| Untracked 
|  29|0x0000000703d00000, 0x0000000703d00000, 0x0000000703e00000|  0%| F|  |TAMS 0x0000000703d00000, 0x0000000703d00000| Untracked 
|  30|0x0000000703e00000, 0x0000000703e00000, 0x0000000703f00000|  0%| F|  |TAMS 0x0000000703e00000, 0x0000000703e00000| Untracked 
|  31|0x0000000703f00000, 0x0000000703f00000, 0x0000000704000000|  0%| F|  |TAMS 0x0000000703f00000, 0x0000000703f00000| Untracked 
|  32|0x0000000704000000, 0x0000000704000000, 0x0000000704100000|  0%| F|  |TAMS 0x0000000704000000, 0x0000000704000000| Untracked 
|  33|0x0000000704100000, 0x0000000704100000, 0x0000000704200000|  0%| F|  |TAMS 0x0000000704100000, 0x0000000704100000| Untracked 
|  34|0x0000000704200000, 0x0000000704200000, 0x0000000704300000|  0%| F|  |TAMS 0x0000000704200000, 0x0000000704200000| Untracked 
|  35|0x0000000704300000, 0x0000000704300000, 0x0000000704400000|  0%| F|  |TAMS 0x0000000704300000, 0x0000000704300000| Untracked 
|  36|0x0000000704400000, 0x0000000704400000, 0x0000000704500000|  0%| F|  |TAMS 0x0000000704400000, 0x0000000704400000| Untracked 
|  37|0x0000000704500000, 0x0000000704500000, 0x0000000704600000|  0%| F|  |TAMS 0x0000000704500000, 0x0000000704500000| Untracked 
|  38|0x0000000704600000, 0x0000000704600000, 0x0000000704700000|  0%| F|  |TAMS 0x0000000704600000, 0x0000000704600000| Untracked 
|  39|0x0000000704700000, 0x0000000704700000, 0x0000000704800000|  0%| F|  |TAMS 0x0000000704700000, 0x0000000704700000| Untracked 
|  40|0x0000000704800000, 0x0000000704800000, 0x0000000704900000|  0%| F|  |TAMS 0x0000000704800000, 0x0000000704800000| Untracked 
|  41|0x0000000704900000, 0x0000000704900000, 0x0000000704a00000|  0%| F|  |TAMS 0x0000000704900000, 0x0000000704900000| Untracked 
|  42|0x0000000704a00000, 0x0000000704a00000, 0x0000000704b00000|  0%| F|  |TAMS 0x0000000704a00000, 0x0000000704a00000| Untracked 
|  43|0x0000000704b00000, 0x0000000704b00000, 0x0000000704c00000|  0%| F|  |TAMS 0x0000000704b00000, 0x0000000704b00000| Untracked 
|  44|0x0000000704c00000, 0x0000000704c00000, 0x0000000704d00000|  0%| F|  |TAMS 0x0000000704c00000, 0x0000000704c00000| Untracked 
|  45|0x0000000704d00000, 0x0000000704d00000, 0x0000000704e00000|  0%| F|  |TAMS 0x0000000704d00000, 0x0000000704d00000| Untracked 
|  46|0x0000000704e00000, 0x0000000704e00000, 0x0000000704f00000|  0%| F|  |TAMS 0x0000000704e00000, 0x0000000704e00000| Untracked 
|  47|0x0000000704f00000, 0x0000000704f00000, 0x0000000705000000|  0%| F|  |TAMS 0x0000000704f00000, 0x0000000704f00000| Untracked 
|  48|0x0000000705000000, 0x0000000705000000, 0x0000000705100000|  0%| F|  |TAMS 0x0000000705000000, 0x0000000705000000| Untracked 
|  49|0x0000000705100000, 0x0000000705100000, 0x0000000705200000|  0%| F|  |TAMS 0x0000000705100000, 0x0000000705100000| Untracked 
|  50|0x0000000705200000, 0x0000000705200000, 0x0000000705300000|  0%| F|  |TAMS 0x0000000705200000, 0x0000000705200000| Untracked 
|  51|0x0000000705300000, 0x0000000705300000, 0x0000000705400000|  0%| F|  |TAMS 0x0000000705300000, 0x0000000705300000| Untracked 
|  52|0x0000000705400000, 0x0000000705400000, 0x0000000705500000|  0%| F|  |TAMS 0x0000000705400000, 0x0000000705400000| Untracked 
|  53|0x0000000705500000, 0x0000000705500000, 0x0000000705600000|  0%| F|  |TAMS 0x0000000705500000, 0x0000000705500000| Untracked 
|  54|0x0000000705600000, 0x0000000705600000, 0x0000000705700000|  0%| F|  |TAMS 0x0000000705600000, 0x0000000705600000| Untracked 
|  55|0x0000000705700000, 0x0000000705700000, 0x0000000705800000|  0%| F|  |TAMS 0x0000000705700000, 0x0000000705700000| Untracked 
|  56|0x0000000705800000, 0x0000000705800000, 0x0000000705900000|  0%| F|  |TAMS 0x0000000705800000, 0x0000000705800000| Untracked 
|  57|0x0000000705900000, 0x0000000705900000, 0x0000000705a00000|  0%| F|  |TAMS 0x0000000705900000, 0x0000000705900000| Untracked 
|  58|0x0000000705a00000, 0x0000000705a00000, 0x0000000705b00000|  0%| F|  |TAMS 0x0000000705a00000, 0x0000000705a00000| Untracked 
|  59|0x0000000705b00000, 0x0000000705b00000, 0x0000000705c00000|  0%| F|  |TAMS 0x0000000705b00000, 0x0000000705b00000| Untracked 
|  60|0x0000000705c00000, 0x0000000705c00000, 0x0000000705d00000|  0%| F|  |TAMS 0x0000000705c00000, 0x0000000705c00000| Untracked 
|  61|0x0000000705d00000, 0x0000000705d00000, 0x0000000705e00000|  0%| F|  |TAMS 0x0000000705d00000, 0x0000000705d00000| Untracked 
|  62|0x0000000705e00000, 0x0000000705e00000, 0x0000000705f00000|  0%| F|  |TAMS 0x0000000705e00000, 0x0000000705e00000| Untracked 
|  63|0x0000000705f00000, 0x0000000705f00000, 0x0000000706000000|  0%| F|  |TAMS 0x0000000705f00000, 0x0000000705f00000| Untracked 
|  64|0x0000000706000000, 0x0000000706000000, 0x0000000706100000|  0%| F|  |TAMS 0x0000000706000000, 0x0000000706000000| Untracked 
|  65|0x0000000706100000, 0x0000000706100000, 0x0000000706200000|  0%| F|  |TAMS 0x0000000706100000, 0x0000000706100000| Untracked 
|  66|0x0000000706200000, 0x0000000706200000, 0x0000000706300000|  0%| F|  |TAMS 0x0000000706200000, 0x0000000706200000| Untracked 
|  67|0x0000000706300000, 0x0000000706300000, 0x0000000706400000|  0%| F|  |TAMS 0x0000000706300000, 0x0000000706300000| Untracked 
|  68|0x0000000706400000, 0x0000000706400000, 0x0000000706500000|  0%| F|  |TAMS 0x0000000706400000, 0x0000000706400000| Untracked 
|  69|0x0000000706500000, 0x0000000706500000, 0x0000000706600000|  0%| F|  |TAMS 0x0000000706500000, 0x0000000706500000| Untracked 
|  70|0x0000000706600000, 0x0000000706600000, 0x0000000706700000|  0%| F|  |TAMS 0x0000000706600000, 0x0000000706600000| Untracked 
|  71|0x0000000706700000, 0x0000000706700000, 0x0000000706800000|  0%| F|  |TAMS 0x0000000706700000, 0x0000000706700000| Untracked 
|  72|0x0000000706800000, 0x0000000706800000, 0x0000000706900000|  0%| F|  |TAMS 0x0000000706800000, 0x0000000706800000| Untracked 
|  73|0x0000000706900000, 0x0000000706900000, 0x0000000706a00000|  0%| F|  |TAMS 0x0000000706900000, 0x0000000706900000| Untracked 
|  74|0x0000000706a00000, 0x0000000706a00000, 0x0000000706b00000|  0%| F|  |TAMS 0x0000000706a00000, 0x0000000706a00000| Untracked 
|  75|0x0000000706b00000, 0x0000000706b00000, 0x0000000706c00000|  0%| F|  |TAMS 0x0000000706b00000, 0x0000000706b00000| Untracked 
|  76|0x0000000706c00000, 0x0000000706c00000, 0x0000000706d00000|  0%| F|  |TAMS 0x0000000706c00000, 0x0000000706c00000| Untracked 
|  77|0x0000000706d00000, 0x0000000706d00000, 0x0000000706e00000|  0%| F|  |TAMS 0x0000000706d00000, 0x0000000706d00000| Untracked 
|  78|0x0000000706e00000, 0x0000000706e00000, 0x0000000706f00000|  0%| F|  |TAMS 0x0000000706e00000, 0x0000000706e00000| Untracked 
|  79|0x0000000706f00000, 0x0000000706f00000, 0x0000000707000000|  0%| F|  |TAMS 0x0000000706f00000, 0x0000000706f00000| Untracked 
|  80|0x0000000707000000, 0x0000000707000000, 0x0000000707100000|  0%| F|  |TAMS 0x0000000707000000, 0x0000000707000000| Untracked 
|  81|0x0000000707100000, 0x0000000707100000, 0x0000000707200000|  0%| F|  |TAMS 0x0000000707100000, 0x0000000707100000| Untracked 
|  82|0x0000000707200000, 0x0000000707200000, 0x0000000707300000|  0%| F|  |TAMS 0x0000000707200000, 0x0000000707200000| Untracked 
|  83|0x0000000707300000, 0x0000000707300000, 0x0000000707400000|  0%| F|  |TAMS 0x0000000707300000, 0x0000000707300000| Untracked 
|  84|0x0000000707400000, 0x0000000707400000, 0x0000000707500000|  0%| F|  |TAMS 0x0000000707400000, 0x0000000707400000| Untracked 
|  85|0x0000000707500000, 0x0000000707500000, 0x0000000707600000|  0%| F|  |TAMS 0x0000000707500000, 0x0000000707500000| Untracked 
|  86|0x0000000707600000, 0x0000000707600000, 0x0000000707700000|  0%| F|  |TAMS 0x0000000707600000, 0x0000000707600000| Untracked 
|  87|0x0000000707700000, 0x0000000707700000, 0x0000000707800000|  0%| F|  |TAMS 0x0000000707700000, 0x0000000707700000| Untracked 
|  88|0x0000000707800000, 0x0000000707800000, 0x0000000707900000|  0%| F|  |TAMS 0x0000000707800000, 0x0000000707800000| Untracked 
|  89|0x0000000707900000, 0x0000000707900000, 0x0000000707a00000|  0%| F|  |TAMS 0x0000000707900000, 0x0000000707900000| Untracked 
|  90|0x0000000707a00000, 0x0000000707a00000, 0x0000000707b00000|  0%| F|  |TAMS 0x0000000707a00000, 0x0000000707a00000| Untracked 
|  91|0x0000000707b00000, 0x0000000707b00000, 0x0000000707c00000|  0%| F|  |TAMS 0x0000000707b00000, 0x0000000707b00000| Untracked 
|  92|0x0000000707c00000, 0x0000000707c00000, 0x0000000707d00000|  0%| F|  |TAMS 0x0000000707c00000, 0x0000000707c00000| Untracked 
|  93|0x0000000707d00000, 0x0000000707d00000, 0x0000000707e00000|  0%| F|  |TAMS 0x0000000707d00000, 0x0000000707d00000| Untracked 
|  94|0x0000000707e00000, 0x0000000707f00000, 0x0000000707f00000|100%| S|CS|TAMS 0x0000000707e00000, 0x0000000707e00000| Complete 
|  95|0x0000000707f00000, 0x0000000708000000, 0x0000000708000000|100%| S|CS|TAMS 0x0000000707f00000, 0x0000000707f00000| Complete 
|  96|0x0000000708000000, 0x0000000708100000, 0x0000000708100000|100%| S|CS|TAMS 0x0000000708000000, 0x0000000708000000| Complete 
|  97|0x0000000708100000, 0x0000000708200000, 0x0000000708200000|100%| S|CS|TAMS 0x0000000708100000, 0x0000000708100000| Complete 
|  98|0x0000000708200000, 0x0000000708300000, 0x0000000708300000|100%| S|CS|TAMS 0x0000000708200000, 0x0000000708200000| Complete 
|  99|0x0000000708300000, 0x0000000708400000, 0x0000000708400000|100%| S|CS|TAMS 0x0000000708300000, 0x0000000708300000| Complete 
| 100|0x0000000708400000, 0x0000000708500000, 0x0000000708500000|100%| S|CS|TAMS 0x0000000708400000, 0x0000000708400000| Complete 
| 101|0x0000000708500000, 0x0000000708600000, 0x0000000708600000|100%| S|CS|TAMS 0x0000000708500000, 0x0000000708500000| Complete 
| 102|0x0000000708600000, 0x0000000708600000, 0x0000000708700000|  0%| F|  |TAMS 0x0000000708600000, 0x0000000708600000| Untracked 
| 103|0x0000000708700000, 0x0000000708700000, 0x0000000708800000|  0%| F|  |TAMS 0x0000000708700000, 0x0000000708700000| Untracked 
| 104|0x0000000708800000, 0x0000000708800000, 0x0000000708900000|  0%| F|  |TAMS 0x0000000708800000, 0x0000000708800000| Untracked 
| 105|0x0000000708900000, 0x0000000708900000, 0x0000000708a00000|  0%| F|  |TAMS 0x0000000708900000, 0x0000000708900000| Untracked 
| 106|0x0000000708a00000, 0x0000000708a00000, 0x0000000708b00000|  0%| F|  |TAMS 0x0000000708a00000, 0x0000000708a00000| Untracked 
| 107|0x0000000708b00000, 0x0000000708b00000, 0x0000000708c00000|  0%| F|  |TAMS 0x0000000708b00000, 0x0000000708b00000| Untracked 
| 108|0x0000000708c00000, 0x0000000708c00000, 0x0000000708d00000|  0%| F|  |TAMS 0x0000000708c00000, 0x0000000708c00000| Untracked 
| 109|0x0000000708d00000, 0x0000000708d00000, 0x0000000708e00000|  0%| F|  |TAMS 0x0000000708d00000, 0x0000000708d00000| Untracked 
| 110|0x0000000708e00000, 0x0000000708e00000, 0x0000000708f00000|  0%| F|  |TAMS 0x0000000708e00000, 0x0000000708e00000| Untracked 
| 111|0x0000000708f00000, 0x0000000708f00000, 0x0000000709000000|  0%| F|  |TAMS 0x0000000708f00000, 0x0000000708f00000| Untracked 
| 112|0x0000000709000000, 0x0000000709000000, 0x0000000709100000|  0%| F|  |TAMS 0x0000000709000000, 0x0000000709000000| Untracked 
| 113|0x0000000709100000, 0x0000000709100000, 0x0000000709200000|  0%| F|  |TAMS 0x0000000709100000, 0x0000000709100000| Untracked 
| 114|0x0000000709200000, 0x0000000709200000, 0x0000000709300000|  0%| F|  |TAMS 0x0000000709200000, 0x0000000709200000| Untracked 
| 115|0x0000000709300000, 0x0000000709300000, 0x0000000709400000|  0%| F|  |TAMS 0x0000000709300000, 0x0000000709300000| Untracked 
| 116|0x0000000709400000, 0x0000000709400000, 0x0000000709500000|  0%| F|  |TAMS 0x0000000709400000, 0x0000000709400000| Untracked 
| 117|0x0000000709500000, 0x0000000709500000, 0x0000000709600000|  0%| F|  |TAMS 0x0000000709500000, 0x0000000709500000| Untracked 
| 118|0x0000000709600000, 0x0000000709600000, 0x0000000709700000|  0%| F|  |TAMS 0x0000000709600000, 0x0000000709600000| Untracked 
| 119|0x0000000709700000, 0x0000000709700000, 0x0000000709800000|  0%| F|  |TAMS 0x0000000709700000, 0x0000000709700000| Untracked 
| 120|0x0000000709800000, 0x0000000709800000, 0x0000000709900000|  0%| F|  |TAMS 0x0000000709800000, 0x0000000709800000| Untracked 
| 121|0x0000000709900000, 0x0000000709900000, 0x0000000709a00000|  0%| F|  |TAMS 0x0000000709900000, 0x0000000709900000| Untracked 
| 122|0x0000000709a00000, 0x0000000709a00000, 0x0000000709b00000|  0%| F|  |TAMS 0x0000000709a00000, 0x0000000709a00000| Untracked 
| 123|0x0000000709b00000, 0x0000000709b00000, 0x0000000709c00000|  0%| F|  |TAMS 0x0000000709b00000, 0x0000000709b00000| Untracked 
| 124|0x0000000709c00000, 0x0000000709c00000, 0x0000000709d00000|  0%| F|  |TAMS 0x0000000709c00000, 0x0000000709c00000| Untracked 
| 125|0x0000000709d00000, 0x0000000709d00000, 0x0000000709e00000|  0%| F|  |TAMS 0x0000000709d00000, 0x0000000709d00000| Untracked 
| 126|0x0000000709e00000, 0x0000000709e00000, 0x0000000709f00000|  0%| F|  |TAMS 0x0000000709e00000, 0x0000000709e00000| Untracked 
| 127|0x0000000709f00000, 0x0000000709f00000, 0x000000070a000000|  0%| F|  |TAMS 0x0000000709f00000, 0x0000000709f00000| Untracked 
| 128|0x000000070a000000, 0x000000070a000000, 0x000000070a100000|  0%| F|  |TAMS 0x000000070a000000, 0x000000070a000000| Untracked 
| 129|0x000000070a100000, 0x000000070a100000, 0x000000070a200000|  0%| F|  |TAMS 0x000000070a100000, 0x000000070a100000| Untracked 
| 130|0x000000070a200000, 0x000000070a200000, 0x000000070a300000|  0%| F|  |TAMS 0x000000070a200000, 0x000000070a200000| Untracked 
| 131|0x000000070a300000, 0x000000070a300000, 0x000000070a400000|  0%| F|  |TAMS 0x000000070a300000, 0x000000070a300000| Untracked 
| 132|0x000000070a400000, 0x000000070a400000, 0x000000070a500000|  0%| F|  |TAMS 0x000000070a400000, 0x000000070a400000| Untracked 
| 133|0x000000070a500000, 0x000000070a500000, 0x000000070a600000|  0%| F|  |TAMS 0x000000070a500000, 0x000000070a500000| Untracked 
| 134|0x000000070a600000, 0x000000070a600000, 0x000000070a700000|  0%| F|  |TAMS 0x000000070a600000, 0x000000070a600000| Untracked 
| 135|0x000000070a700000, 0x000000070a700000, 0x000000070a800000|  0%| F|  |TAMS 0x000000070a700000, 0x000000070a700000| Untracked 
| 136|0x000000070a800000, 0x000000070a800000, 0x000000070a900000|  0%| F|  |TAMS 0x000000070a800000, 0x000000070a800000| Untracked 
| 137|0x000000070a900000, 0x000000070a900000, 0x000000070aa00000|  0%| F|  |TAMS 0x000000070a900000, 0x000000070a900000| Untracked 
| 138|0x000000070aa00000, 0x000000070aa00000, 0x000000070ab00000|  0%| F|  |TAMS 0x000000070aa00000, 0x000000070aa00000| Untracked 
| 139|0x000000070ab00000, 0x000000070ab00000, 0x000000070ac00000|  0%| F|  |TAMS 0x000000070ab00000, 0x000000070ab00000| Untracked 
| 140|0x000000070ac00000, 0x000000070ac00000, 0x000000070ad00000|  0%| F|  |TAMS 0x000000070ac00000, 0x000000070ac00000| Untracked 
| 141|0x000000070ad00000, 0x000000070ad00000, 0x000000070ae00000|  0%| F|  |TAMS 0x000000070ad00000, 0x000000070ad00000| Untracked 
| 142|0x000000070ae00000, 0x000000070ae00000, 0x000000070af00000|  0%| F|  |TAMS 0x000000070ae00000, 0x000000070ae00000| Untracked 
| 143|0x000000070af00000, 0x000000070af00000, 0x000000070b000000|  0%| F|  |TAMS 0x000000070af00000, 0x000000070af00000| Untracked 
| 144|0x000000070b000000, 0x000000070b000000, 0x000000070b100000|  0%| F|  |TAMS 0x000000070b000000, 0x000000070b000000| Untracked 
| 145|0x000000070b100000, 0x000000070b100000, 0x000000070b200000|  0%| F|  |TAMS 0x000000070b100000, 0x000000070b100000| Untracked 
| 146|0x000000070b200000, 0x000000070b200000, 0x000000070b300000|  0%| F|  |TAMS 0x000000070b200000, 0x000000070b200000| Untracked 
| 147|0x000000070b300000, 0x000000070b300000, 0x000000070b400000|  0%| F|  |TAMS 0x000000070b300000, 0x000000070b300000| Untracked 
| 148|0x000000070b400000, 0x000000070b400000, 0x000000070b500000|  0%| F|  |TAMS 0x000000070b400000, 0x000000070b400000| Untracked 
| 149|0x000000070b500000, 0x000000070b500000, 0x000000070b600000|  0%| F|  |TAMS 0x000000070b500000, 0x000000070b500000| Untracked 
| 150|0x000000070b600000, 0x000000070b600000, 0x000000070b700000|  0%| F|  |TAMS 0x000000070b600000, 0x000000070b600000| Untracked 
| 151|0x000000070b700000, 0x000000070b700000, 0x000000070b800000|  0%| F|  |TAMS 0x000000070b700000, 0x000000070b700000| Untracked 
| 152|0x000000070b800000, 0x000000070b800000, 0x000000070b900000|  0%| F|  |TAMS 0x000000070b800000, 0x000000070b800000| Untracked 
| 153|0x000000070b900000, 0x000000070b900000, 0x000000070ba00000|  0%| F|  |TAMS 0x000000070b900000, 0x000000070b900000| Untracked 
| 154|0x000000070ba00000, 0x000000070ba00000, 0x000000070bb00000|  0%| F|  |TAMS 0x000000070ba00000, 0x000000070ba00000| Untracked 
| 155|0x000000070bb00000, 0x000000070bb00000, 0x000000070bc00000|  0%| F|  |TAMS 0x000000070bb00000, 0x000000070bb00000| Untracked 
| 156|0x000000070bc00000, 0x000000070bc00000, 0x000000070bd00000|  0%| F|  |TAMS 0x000000070bc00000, 0x000000070bc00000| Untracked 
| 157|0x000000070bd00000, 0x000000070bd00000, 0x000000070be00000|  0%| F|  |TAMS 0x000000070bd00000, 0x000000070bd00000| Untracked 
| 158|0x000000070be00000, 0x000000070be00000, 0x000000070bf00000|  0%| F|  |TAMS 0x000000070be00000, 0x000000070be00000| Untracked 
| 159|0x000000070bf00000, 0x000000070bf00000, 0x000000070c000000|  0%| F|  |TAMS 0x000000070bf00000, 0x000000070bf00000| Untracked 
| 160|0x000000070c000000, 0x000000070c000000, 0x000000070c100000|  0%| F|  |TAMS 0x000000070c000000, 0x000000070c000000| Untracked 
| 161|0x000000070c100000, 0x000000070c100000, 0x000000070c200000|  0%| F|  |TAMS 0x000000070c100000, 0x000000070c100000| Untracked 
| 162|0x000000070c200000, 0x000000070c200000, 0x000000070c300000|  0%| F|  |TAMS 0x000000070c200000, 0x000000070c200000| Untracked 
| 163|0x000000070c300000, 0x000000070c300000, 0x000000070c400000|  0%| F|  |TAMS 0x000000070c300000, 0x000000070c300000| Untracked 
| 164|0x000000070c400000, 0x000000070c400000, 0x000000070c500000|  0%| F|  |TAMS 0x000000070c400000, 0x000000070c400000| Untracked 
| 165|0x000000070c500000, 0x000000070c500000, 0x000000070c600000|  0%| F|  |TAMS 0x000000070c500000, 0x000000070c500000| Untracked 
| 166|0x000000070c600000, 0x000000070c600000, 0x000000070c700000|  0%| F|  |TAMS 0x000000070c600000, 0x000000070c600000| Untracked 
| 167|0x000000070c700000, 0x000000070c700000, 0x000000070c800000|  0%| F|  |TAMS 0x000000070c700000, 0x000000070c700000| Untracked 
| 168|0x000000070c800000, 0x000000070c800000, 0x000000070c900000|  0%| F|  |TAMS 0x000000070c800000, 0x000000070c800000| Untracked 
| 169|0x000000070c900000, 0x000000070c900000, 0x000000070ca00000|  0%| F|  |TAMS 0x000000070c900000, 0x000000070c900000| Untracked 
| 170|0x000000070ca00000, 0x000000070ca00000, 0x000000070cb00000|  0%| F|  |TAMS 0x000000070ca00000, 0x000000070ca00000| Untracked 
| 171|0x000000070cb00000, 0x000000070cb00000, 0x000000070cc00000|  0%| F|  |TAMS 0x000000070cb00000, 0x000000070cb00000| Untracked 
| 172|0x000000070cc00000, 0x000000070cc00000, 0x000000070cd00000|  0%| F|  |TAMS 0x000000070cc00000, 0x000000070cc00000| Untracked 
| 173|0x000000070cd00000, 0x000000070cd00000, 0x000000070ce00000|  0%| F|  |TAMS 0x000000070cd00000, 0x000000070cd00000| Untracked 
| 174|0x000000070ce00000, 0x000000070ce00000, 0x000000070cf00000|  0%| F|  |TAMS 0x000000070ce00000, 0x000000070ce00000| Untracked 
| 175|0x000000070cf00000, 0x000000070cf00000, 0x000000070d000000|  0%| F|  |TAMS 0x000000070cf00000, 0x000000070cf00000| Untracked 
| 176|0x000000070d000000, 0x000000070d000000, 0x000000070d100000|  0%| F|  |TAMS 0x000000070d000000, 0x000000070d000000| Untracked 
| 177|0x000000070d100000, 0x000000070d100000, 0x000000070d200000|  0%| F|  |TAMS 0x000000070d100000, 0x000000070d100000| Untracked 
| 178|0x000000070d200000, 0x000000070d200000, 0x000000070d300000|  0%| F|  |TAMS 0x000000070d200000, 0x000000070d200000| Untracked 
| 179|0x000000070d300000, 0x000000070d300000, 0x000000070d400000|  0%| F|  |TAMS 0x000000070d300000, 0x000000070d300000| Untracked 
| 180|0x000000070d400000, 0x000000070d400000, 0x000000070d500000|  0%| F|  |TAMS 0x000000070d400000, 0x000000070d400000| Untracked 
| 181|0x000000070d500000, 0x000000070d500000, 0x000000070d600000|  0%| F|  |TAMS 0x000000070d500000, 0x000000070d500000| Untracked 
| 182|0x000000070d600000, 0x000000070d600000, 0x000000070d700000|  0%| F|  |TAMS 0x000000070d600000, 0x000000070d600000| Untracked 
| 183|0x000000070d700000, 0x000000070d700000, 0x000000070d800000|  0%| F|  |TAMS 0x000000070d700000, 0x000000070d700000| Untracked 
| 184|0x000000070d800000, 0x000000070d800000, 0x000000070d900000|  0%| F|  |TAMS 0x000000070d800000, 0x000000070d800000| Untracked 
| 185|0x000000070d900000, 0x000000070d900000, 0x000000070da00000|  0%| F|  |TAMS 0x000000070d900000, 0x000000070d900000| Untracked 
| 186|0x000000070da00000, 0x000000070da00000, 0x000000070db00000|  0%| F|  |TAMS 0x000000070da00000, 0x000000070da00000| Untracked 
| 187|0x000000070db00000, 0x000000070db00000, 0x000000070dc00000|  0%| F|  |TAMS 0x000000070db00000, 0x000000070db00000| Untracked 
| 188|0x000000070dc00000, 0x000000070dc00000, 0x000000070dd00000|  0%| F|  |TAMS 0x000000070dc00000, 0x000000070dc00000| Untracked 
| 189|0x000000070dd00000, 0x000000070dd00000, 0x000000070de00000|  0%| F|  |TAMS 0x000000070dd00000, 0x000000070dd00000| Untracked 
| 190|0x000000070de00000, 0x000000070de00000, 0x000000070df00000|  0%| F|  |TAMS 0x000000070de00000, 0x000000070de00000| Untracked 
| 191|0x000000070df00000, 0x000000070df00000, 0x000000070e000000|  0%| F|  |TAMS 0x000000070df00000, 0x000000070df00000| Untracked 
| 192|0x000000070e000000, 0x000000070e000000, 0x000000070e100000|  0%| F|  |TAMS 0x000000070e000000, 0x000000070e000000| Untracked 
| 193|0x000000070e100000, 0x000000070e100000, 0x000000070e200000|  0%| F|  |TAMS 0x000000070e100000, 0x000000070e100000| Untracked 
| 194|0x000000070e200000, 0x000000070e200000, 0x000000070e300000|  0%| F|  |TAMS 0x000000070e200000, 0x000000070e200000| Untracked 
| 195|0x000000070e300000, 0x000000070e300000, 0x000000070e400000|  0%| F|  |TAMS 0x000000070e300000, 0x000000070e300000| Untracked 
| 196|0x000000070e400000, 0x000000070e400000, 0x000000070e500000|  0%| F|  |TAMS 0x000000070e400000, 0x000000070e400000| Untracked 
| 197|0x000000070e500000, 0x000000070e580800, 0x000000070e600000| 50%| E|  |TAMS 0x000000070e500000, 0x000000070e500000| Complete 
| 198|0x000000070e600000, 0x000000070e700000, 0x000000070e700000|100%| E|CS|TAMS 0x000000070e600000, 0x000000070e600000| Complete 
| 199|0x000000070e700000, 0x000000070e800000, 0x000000070e800000|100%| E|CS|TAMS 0x000000070e700000, 0x000000070e700000| Complete 
| 200|0x000000070e800000, 0x000000070e900000, 0x000000070e900000|100%| E|CS|TAMS 0x000000070e800000, 0x000000070e800000| Complete 
| 201|0x000000070e900000, 0x000000070ea00000, 0x000000070ea00000|100%| E|CS|TAMS 0x000000070e900000, 0x000000070e900000| Complete 
| 202|0x000000070ea00000, 0x000000070eb00000, 0x000000070eb00000|100%| E|CS|TAMS 0x000000070ea00000, 0x000000070ea00000| Complete 
| 203|0x000000070eb00000, 0x000000070ec00000, 0x000000070ec00000|100%| E|CS|TAMS 0x000000070eb00000, 0x000000070eb00000| Complete 
| 204|0x000000070ec00000, 0x000000070ed00000, 0x000000070ed00000|100%| E|CS|TAMS 0x000000070ec00000, 0x000000070ec00000| Complete 
| 205|0x000000070ed00000, 0x000000070ee00000, 0x000000070ee00000|100%| E|CS|TAMS 0x000000070ed00000, 0x000000070ed00000| Complete 
| 206|0x000000070ee00000, 0x000000070ef00000, 0x000000070ef00000|100%| E|CS|TAMS 0x000000070ee00000, 0x000000070ee00000| Complete 
| 207|0x000000070ef00000, 0x000000070f000000, 0x000000070f000000|100%| E|CS|TAMS 0x000000070ef00000, 0x000000070ef00000| Complete 
| 208|0x000000070f000000, 0x000000070f100000, 0x000000070f100000|100%| E|CS|TAMS 0x000000070f000000, 0x000000070f000000| Complete 
| 209|0x000000070f100000, 0x000000070f200000, 0x000000070f200000|100%| E|CS|TAMS 0x000000070f100000, 0x000000070f100000| Complete 
| 210|0x000000070f200000, 0x000000070f300000, 0x000000070f300000|100%| E|CS|TAMS 0x000000070f200000, 0x000000070f200000| Complete 
| 211|0x000000070f300000, 0x000000070f400000, 0x000000070f400000|100%| E|CS|TAMS 0x000000070f300000, 0x000000070f300000| Complete 
| 212|0x000000070f400000, 0x000000070f500000, 0x000000070f500000|100%| E|CS|TAMS 0x000000070f400000, 0x000000070f400000| Complete 
| 213|0x000000070f500000, 0x000000070f600000, 0x000000070f600000|100%| E|CS|TAMS 0x000000070f500000, 0x000000070f500000| Complete 
| 214|0x000000070f600000, 0x000000070f700000, 0x000000070f700000|100%| E|CS|TAMS 0x000000070f600000, 0x000000070f600000| Complete 
| 215|0x000000070f700000, 0x000000070f800000, 0x000000070f800000|100%| E|CS|TAMS 0x000000070f700000, 0x000000070f700000| Complete 
| 216|0x000000070f800000, 0x000000070f900000, 0x000000070f900000|100%| E|CS|TAMS 0x000000070f800000, 0x000000070f800000| Complete 
| 217|0x000000070f900000, 0x000000070fa00000, 0x000000070fa00000|100%| E|CS|TAMS 0x000000070f900000, 0x000000070f900000| Complete 
| 218|0x000000070fa00000, 0x000000070fb00000, 0x000000070fb00000|100%| E|CS|TAMS 0x000000070fa00000, 0x000000070fa00000| Complete 
| 219|0x000000070fb00000, 0x000000070fc00000, 0x000000070fc00000|100%| E|CS|TAMS 0x000000070fb00000, 0x000000070fb00000| Complete 
| 220|0x000000070fc00000, 0x000000070fd00000, 0x000000070fd00000|100%| E|CS|TAMS 0x000000070fc00000, 0x000000070fc00000| Complete 
| 221|0x000000070fd00000, 0x000000070fe00000, 0x000000070fe00000|100%| E|CS|TAMS 0x000000070fd00000, 0x000000070fd00000| Complete 
| 222|0x000000070fe00000, 0x000000070ff00000, 0x000000070ff00000|100%| E|CS|TAMS 0x000000070fe00000, 0x000000070fe00000| Complete 
| 223|0x000000070ff00000, 0x0000000710000000, 0x0000000710000000|100%| E|CS|TAMS 0x000000070ff00000, 0x000000070ff00000| Complete 
| 224|0x0000000710000000, 0x0000000710100000, 0x0000000710100000|100%| E|CS|TAMS 0x0000000710000000, 0x0000000710000000| Complete 
| 225|0x0000000710100000, 0x0000000710200000, 0x0000000710200000|100%| E|CS|TAMS 0x0000000710100000, 0x0000000710100000| Complete 
| 226|0x0000000710200000, 0x0000000710300000, 0x0000000710300000|100%| E|CS|TAMS 0x0000000710200000, 0x0000000710200000| Complete 
| 227|0x0000000710300000, 0x0000000710400000, 0x0000000710400000|100%| E|CS|TAMS 0x0000000710300000, 0x0000000710300000| Complete 
| 228|0x0000000710400000, 0x0000000710500000, 0x0000000710500000|100%| E|CS|TAMS 0x0000000710400000, 0x0000000710400000| Complete 
| 229|0x0000000710500000, 0x0000000710600000, 0x0000000710600000|100%| E|CS|TAMS 0x0000000710500000, 0x0000000710500000| Complete 
| 230|0x0000000710600000, 0x0000000710700000, 0x0000000710700000|100%| E|CS|TAMS 0x0000000710600000, 0x0000000710600000| Complete 
| 231|0x0000000710700000, 0x0000000710800000, 0x0000000710800000|100%| E|CS|TAMS 0x0000000710700000, 0x0000000710700000| Complete 
| 232|0x0000000710800000, 0x0000000710900000, 0x0000000710900000|100%| E|CS|TAMS 0x0000000710800000, 0x0000000710800000| Complete 
| 233|0x0000000710900000, 0x0000000710a00000, 0x0000000710a00000|100%| E|CS|TAMS 0x0000000710900000, 0x0000000710900000| Complete 
| 234|0x0000000710a00000, 0x0000000710b00000, 0x0000000710b00000|100%| E|CS|TAMS 0x0000000710a00000, 0x0000000710a00000| Complete 
| 235|0x0000000710b00000, 0x0000000710c00000, 0x0000000710c00000|100%| E|CS|TAMS 0x0000000710b00000, 0x0000000710b00000| Complete 
| 236|0x0000000710c00000, 0x0000000710d00000, 0x0000000710d00000|100%| E|CS|TAMS 0x0000000710c00000, 0x0000000710c00000| Complete 
| 237|0x0000000710d00000, 0x0000000710e00000, 0x0000000710e00000|100%| E|CS|TAMS 0x0000000710d00000, 0x0000000710d00000| Complete 
| 238|0x0000000710e00000, 0x0000000710f00000, 0x0000000710f00000|100%| E|CS|TAMS 0x0000000710e00000, 0x0000000710e00000| Complete 
| 239|0x0000000710f00000, 0x0000000711000000, 0x0000000711000000|100%| E|CS|TAMS 0x0000000710f00000, 0x0000000710f00000| Complete 
| 240|0x0000000711000000, 0x0000000711100000, 0x0000000711100000|100%| E|CS|TAMS 0x0000000711000000, 0x0000000711000000| Complete 
| 241|0x0000000711100000, 0x0000000711200000, 0x0000000711200000|100%| E|CS|TAMS 0x0000000711100000, 0x0000000711100000| Complete 
| 242|0x0000000711200000, 0x0000000711300000, 0x0000000711300000|100%| E|CS|TAMS 0x0000000711200000, 0x0000000711200000| Complete 
| 243|0x0000000711300000, 0x0000000711400000, 0x0000000711400000|100%| E|CS|TAMS 0x0000000711300000, 0x0000000711300000| Complete 
| 244|0x0000000711400000, 0x0000000711500000, 0x0000000711500000|100%| E|CS|TAMS 0x0000000711400000, 0x0000000711400000| Complete 
| 245|0x0000000711500000, 0x0000000711600000, 0x0000000711600000|100%| E|CS|TAMS 0x0000000711500000, 0x0000000711500000| Complete 
| 246|0x0000000711600000, 0x0000000711700000, 0x0000000711700000|100%| E|CS|TAMS 0x0000000711600000, 0x0000000711600000| Complete 
| 247|0x0000000711700000, 0x0000000711800000, 0x0000000711800000|100%| E|CS|TAMS 0x0000000711700000, 0x0000000711700000| Complete 
| 248|0x0000000711800000, 0x0000000711900000, 0x0000000711900000|100%| E|CS|TAMS 0x0000000711800000, 0x0000000711800000| Complete 
| 249|0x0000000711900000, 0x0000000711a00000, 0x0000000711a00000|100%| E|CS|TAMS 0x0000000711900000, 0x0000000711900000| Complete 
| 250|0x0000000711a00000, 0x0000000711b00000, 0x0000000711b00000|100%| E|CS|TAMS 0x0000000711a00000, 0x0000000711a00000| Complete 
| 251|0x0000000711b00000, 0x0000000711c00000, 0x0000000711c00000|100%| E|CS|TAMS 0x0000000711b00000, 0x0000000711b00000| Complete 
| 252|0x0000000711c00000, 0x0000000711d00000, 0x0000000711d00000|100%| E|CS|TAMS 0x0000000711c00000, 0x0000000711c00000| Complete 
| 253|0x0000000711d00000, 0x0000000711e00000, 0x0000000711e00000|100%| E|CS|TAMS 0x0000000711d00000, 0x0000000711d00000| Complete 

Card table byte_map: [0x0000025c8f000000,0x0000025c8f7f0000] _byte_map_base: 0x0000025c8b7f0000

Marking Bits (Prev, Next): (CMBitMap*) 0x0000025cfb172e38, (CMBitMap*) 0x0000025cfb172e70
 Prev Bits: [0x0000025c8ffe0000, 0x0000025c93f60000)
 Next Bits: [0x0000025c93f60000, 0x0000025c97ee0000)

Polling page: 0x0000025cf9050000

Metaspace:

Usage:
  Non-class:     10.76 MB capacity,     9.68 MB ( 90%) used,     1.07 MB ( 10%) free+waste,    18.44 KB ( <1%) overhead. 
      Class:      1.35 MB capacity,     1.09 MB ( 80%) used,   265.02 KB ( 19%) free+waste,     9.13 KB ( <1%) overhead. 
       Both:     12.12 MB capacity,    10.76 MB ( 89%) used,     1.33 MB ( 11%) free+waste,    27.56 KB ( <1%) overhead. 

Virtual space:
  Non-class space:       12.00 MB reserved,      11.00 MB ( 92%) committed 
      Class space:        1.00 GB reserved,       1.38 MB ( <1%) committed 
             Both:        1.01 GB reserved,      12.38 MB (  1%) committed 

Chunk freelists:
   Non-Class:  49.00 KB
       Class:  22.00 KB
        Both:  71.00 KB

MaxMetaspaceSize: 17179869184.00 GB
CompressedClassSpaceSize: 1.00 GB

CodeHeap 'non-profiled nmethods': size=120000Kb used=2095Kb max_used=2095Kb free=117904Kb
 bounds [0x0000025c87ad0000, 0x0000025c87d40000, 0x0000025c8f000000]
CodeHeap 'profiled nmethods': size=120000Kb used=5101Kb max_used=5269Kb free=114898Kb
 bounds [0x0000025c805a0000, 0x0000025c80ad0000, 0x0000025c87ad0000]
CodeHeap 'non-nmethods': size=5760Kb used=1108Kb max_used=1194Kb free=4651Kb
 bounds [0x0000025c80000000, 0x0000025c80270000, 0x0000025c805a0000]
 total_blobs=3842 nmethods=2222 adapters=315
 compilation: enabled
              stopped_count=0, restarted_count=0
 full_count=0

Compilation events (20 events):
Event: 8.905 Thread 0x0000025c9a826800 2376       3       sun.nio.fs.WindowsPath::normalize (5 bytes)
Event: 8.905 Thread 0x0000025c9a826800 nmethod 2376 0x0000025c805fb490 code [0x0000025c805fb640, 0x0000025c805fb890]
Event: 8.905 Thread 0x0000025c9a826800 2377       3       sun.nio.fs.WindowsPath::elementAsString (62 bytes)
Event: 8.906 Thread 0x0000025c9a826800 nmethod 2377 0x0000025c805fac90 code [0x0000025c805faea0, 0x0000025c805fb250]
Event: 8.906 Thread 0x0000025c9a826800 2378       3       sun.nio.fs.WindowsPath::equals (30 bytes)
Event: 8.906 Thread 0x0000025c9a826800 nmethod 2378 0x0000025c805fa490 code [0x0000025c805fa660, 0x0000025c805fabb0]
Event: 8.906 Thread 0x0000025c9a826800 2380       3       java.net.URLStreamHandler::setURL (73 bytes)
Event: 8.907 Thread 0x0000025c9a826800 nmethod 2380 0x0000025c805fe490 code [0x0000025c805fe6e0, 0x0000025c805fef40]
Event: 8.907 Thread 0x0000025c9a826800 2379       3       sun.nio.fs.WindowsPath::compareTo (118 bytes)
Event: 8.910 Thread 0x0000025c9a826800 nmethod 2379 0x0000025c80609b10 code [0x0000025c80609e60, 0x0000025c8060b430]
Event: 8.920 Thread 0x0000025c9a826800 2382       3       sun.net.util.IPAddressUtil::checkHostString (53 bytes)
Event: 8.922 Thread 0x0000025c9a826800 nmethod 2382 0x0000025c80607290 code [0x0000025c80607580, 0x0000025c80608390]
Event: 8.942 Thread 0x0000025c9a826800 2384       3       java.lang.invoke.MethodTypeForm::unpack (30 bytes)
Event: 8.942 Thread 0x0000025c9a826800 nmethod 2384 0x0000025c805e9610 code [0x0000025c805e97c0, 0x0000025c805e9938]
Event: 8.943 Thread 0x0000025c9a822000 nmethod 2308 0x0000025c87cd3890 code [0x0000025c87cd3bc0, 0x0000025c87cd80a0]
Event: 8.943 Thread 0x0000025c9a822000 2381       4       sun.net.www.ParseUtil::firstEncodeIndex (86 bytes)
Event: 8.948 Thread 0x0000025c9a822000 nmethod 2381 0x0000025c87b14690 code [0x0000025c87b14840, 0x0000025c87b14a08]
Event: 8.948 Thread 0x0000025c9a822000 2383   !   4       sun.nio.fs.WindowsPath::initOffsets (153 bytes)
Event: 8.950 Thread 0x0000025c9a826800 2386       3       java.lang.invoke.MethodType::basicType (8 bytes)
Event: 8.950 Thread 0x0000025c9a826800 nmethod 2386 0x0000025c805fa090 code [0x0000025c805fa240, 0x0000025c805fa3f8]

GC Heap History (4 events):
Event: 1.644 GC heap before
{Heap before GC invocations=0 (full 0):
 garbage-first heap   total 260096K, used 24576K [0x0000000702000000, 0x0000000800000000)
  region size 1024K, 24 young (24576K), 0 survivors (0K)
 Metaspace       used 4451K, capacity 7050K, committed 7168K, reserved 1056768K
  class space    used 445K, capacity 731K, committed 768K, reserved 1048576K
}
Event: 1.655 GC heap after
{Heap after GC invocations=1 (full 0):
 garbage-first heap   total 260096K, used 4830K [0x0000000702000000, 0x0000000800000000)
  region size 1024K, 3 young (3072K), 3 survivors (3072K)
 Metaspace       used 4451K, capacity 7050K, committed 7168K, reserved 1056768K
  class space    used 445K, capacity 731K, committed 768K, reserved 1048576K
}
Event: 6.837 GC heap before
{Heap before GC invocations=1 (full 0):
 garbage-first heap   total 260096K, used 157406K [0x0000000702000000, 0x0000000800000000)
  region size 1024K, 152 young (155648K), 3 survivors (3072K)
 Metaspace       used 7852K, capacity 10304K, committed 10624K, reserved 1058816K
  class space    used 742K, capacity 1044K, committed 1152K, reserved 1048576K
}
Event: 6.847 GC heap after
{Heap after GC invocations=2 (full 0):
 garbage-first heap   total 260096K, used 9950K [0x0000000702000000, 0x0000000800000000)
  region size 1024K, 8 young (8192K), 8 survivors (8192K)
 Metaspace       used 7852K, capacity 10304K, committed 10624K, reserved 1058816K
  class space    used 742K, capacity 1044K, committed 1152K, reserved 1048576K
}

Deoptimization events (20 events):
Event: 8.715 Thread 0x0000025cfb10f800 DEOPT PACKING pc=0x0000025c87c6c3d4 sp=0x000000a2325fd670
Event: 8.715 Thread 0x0000025cfb10f800 DEOPT UNPACKING pc=0x0000025c800292af sp=0x000000a2325fd4e0 mode 2
Event: 8.715 Thread 0x0000025cfb10f800 Uncommon trap: trap_request=0xffffff4d fr.pc=0x0000025c87c5dbe0 relative=0x0000000000000040
Event: 8.715 Thread 0x0000025cfb10f800 Uncommon trap: reason=unstable_if action=reinterpret pc=0x0000025c87c5dbe0 method=sun.net.util.IPAddressUtil.scan(Ljava/lang/String;JJ[C)I @ 14 c2
Event: 8.715 Thread 0x0000025cfb10f800 DEOPT PACKING pc=0x0000025c87c5dbe0 sp=0x000000a2325fd640
Event: 8.715 Thread 0x0000025cfb10f800 DEOPT UNPACKING pc=0x0000025c800292af sp=0x000000a2325fd528 mode 2
Event: 8.844 Thread 0x0000025cfb10f800 DEOPT PACKING pc=0x0000025c805f90f6 sp=0x000000a2325fd5b0
Event: 8.844 Thread 0x0000025cfb10f800 DEOPT UNPACKING pc=0x0000025c800290ce sp=0x000000a2325fcab8 mode 0
Event: 8.845 Thread 0x0000025c9fc90800 DEOPT PACKING pc=0x0000025c805f90f6 sp=0x000000a233efe890
Event: 8.845 Thread 0x0000025c9fc90800 DEOPT UNPACKING pc=0x0000025c800290ce sp=0x000000a233efdd98 mode 0
Event: 8.857 Thread 0x0000025cfb10f800 Uncommon trap: trap_request=0xffffff4d fr.pc=0x0000025c87b10bd8 relative=0x0000000000000778
Event: 8.857 Thread 0x0000025cfb10f800 Uncommon trap: reason=unstable_if action=reinterpret pc=0x0000025c87b10bd8 method=org.sqlite.SQLiteJDBCLoader.contentsEquals(Ljava/io/InputStream;Ljava/io/InputStream;)Z @ 39 c2
Event: 8.857 Thread 0x0000025cfb10f800 DEOPT PACKING pc=0x0000025c87b10bd8 sp=0x000000a2325fd5e0
Event: 8.857 Thread 0x0000025cfb10f800 DEOPT UNPACKING pc=0x0000025c800292af sp=0x000000a2325fd5b8 mode 2
Event: 8.860 Thread 0x0000025c9fc90800 Uncommon trap: trap_request=0xffffff4d fr.pc=0x0000025c87b10bd8 relative=0x0000000000000778
Event: 8.860 Thread 0x0000025c9fc90800 Uncommon trap: reason=unstable_if action=reinterpret pc=0x0000025c87b10bd8 method=org.sqlite.SQLiteJDBCLoader.contentsEquals(Ljava/io/InputStream;Ljava/io/InputStream;)Z @ 39 c2
Event: 8.861 Thread 0x0000025c9fc90800 DEOPT PACKING pc=0x0000025c87b10bd8 sp=0x000000a233efe8c0
Event: 8.861 Thread 0x0000025c9fc90800 DEOPT UNPACKING pc=0x0000025c800292af sp=0x000000a233efe898 mode 2
Event: 8.908 Thread 0x0000025cfb10f800 DEOPT PACKING pc=0x0000025c80ac5020 sp=0x000000a2325fc160
Event: 8.908 Thread 0x0000025cfb10f800 DEOPT UNPACKING pc=0x0000025c800290ce sp=0x000000a2325fb678 mode 0

Classes redefined (0 events):
No events

Internal exceptions (20 events):
Event: 0.490 Thread 0x0000025cfb10f800 Exception <a 'java/security/PrivilegedActionException'{0x0000000711aa7620}> (0x0000000711aa7620) thrown at [c:/BuildAgent/work/5ff2f6c26000d570/src/hotspot/share/prims/jvm.cpp, line 1297]
Event: 0.491 Thread 0x0000025cfb10f800 Exception <a 'java/security/PrivilegedActionException'{0x0000000711aa8408}> (0x0000000711aa8408) thrown at [c:/BuildAgent/work/5ff2f6c26000d570/src/hotspot/share/prims/jvm.cpp, line 1297]
Event: 0.491 Thread 0x0000025cfb10f800 Exception <a 'java/security/PrivilegedActionException'{0x0000000711aa8980}> (0x0000000711aa8980) thrown at [c:/BuildAgent/work/5ff2f6c26000d570/src/hotspot/share/prims/jvm.cpp, line 1297]
Event: 0.491 Thread 0x0000025cfb10f800 Exception <a 'java/security/PrivilegedActionException'{0x0000000711aa9770}> (0x0000000711aa9770) thrown at [c:/BuildAgent/work/5ff2f6c26000d570/src/hotspot/share/prims/jvm.cpp, line 1297]
Event: 0.491 Thread 0x0000025cfb10f800 Exception <a 'java/security/PrivilegedActionException'{0x0000000711aa9ce8}> (0x0000000711aa9ce8) thrown at [c:/BuildAgent/work/5ff2f6c26000d570/src/hotspot/share/prims/jvm.cpp, line 1297]
Event: 0.496 Thread 0x0000025cfb10f800 Exception <a 'java/security/PrivilegedActionException'{0x0000000711ab3f80}> (0x0000000711ab3f80) thrown at [c:/BuildAgent/work/5ff2f6c26000d570/src/hotspot/share/prims/jvm.cpp, line 1297]
Event: 0.496 Thread 0x0000025cfb10f800 Exception <a 'java/security/PrivilegedActionException'{0x0000000711ab44f8}> (0x0000000711ab44f8) thrown at [c:/BuildAgent/work/5ff2f6c26000d570/src/hotspot/share/prims/jvm.cpp, line 1297]
Event: 1.222 Thread 0x0000025cfb10f800 Exception <a 'java/security/PrivilegedActionException'{0x0000000710b1abb0}> (0x0000000710b1abb0) thrown at [c:/BuildAgent/work/5ff2f6c26000d570/src/hotspot/share/prims/jvm.cpp, line 1297]
Event: 1.222 Thread 0x0000025cfb10f800 Exception <a 'java/security/PrivilegedActionException'{0x0000000710b1b3d0}> (0x0000000710b1b3d0) thrown at [c:/BuildAgent/work/5ff2f6c26000d570/src/hotspot/share/prims/jvm.cpp, line 1297]
Event: 1.703 Thread 0x0000025cfb10f800 Exception <a 'java/security/PrivilegedActionException'{0x0000000711c5f1b8}> (0x0000000711c5f1b8) thrown at [c:/BuildAgent/work/5ff2f6c26000d570/src/hotspot/share/prims/jvm.cpp, line 1297]
Event: 1.703 Thread 0x0000025cfb10f800 Exception <a 'java/security/PrivilegedActionException'{0x0000000711c5f9d8}> (0x0000000711c5f9d8) thrown at [c:/BuildAgent/work/5ff2f6c26000d570/src/hotspot/share/prims/jvm.cpp, line 1297]
Event: 4.071 Thread 0x0000025cfb10f800 Exception <a 'java/security/PrivilegedActionException'{0x000000070df06dc0}> (0x000000070df06dc0) thrown at [c:/BuildAgent/work/5ff2f6c26000d570/src/hotspot/share/prims/jvm.cpp, line 1297]
Event: 4.071 Thread 0x0000025cfb10f800 Exception <a 'java/security/PrivilegedActionException'{0x000000070df075e0}> (0x000000070df075e0) thrown at [c:/BuildAgent/work/5ff2f6c26000d570/src/hotspot/share/prims/jvm.cpp, line 1297]
Event: 6.119 Thread 0x0000025cfb10f800 Exception <a 'java/security/PrivilegedActionException'{0x000000070a44ad60}> (0x000000070a44ad60) thrown at [c:/BuildAgent/work/5ff2f6c26000d570/src/hotspot/share/prims/jvm.cpp, line 1297]
Event: 6.119 Thread 0x0000025cfb10f800 Exception <a 'java/security/PrivilegedActionException'{0x000000070a44b580}> (0x000000070a44b580) thrown at [c:/BuildAgent/work/5ff2f6c26000d570/src/hotspot/share/prims/jvm.cpp, line 1297]
Event: 7.302 Thread 0x0000025cfb10f800 Implicit null exception at 0x0000025c87adda2f to 0x0000025c87addaad
Event: 7.327 Thread 0x0000025cfb10f800 Exception <a 'java/lang/NoSuchMethodError'{0x000000070fe47c48}: 'int java.lang.invoke.DirectMethodHandle$Holder.invokeSpecialIFC(java.lang.Object, java.lang.Object, int)'> (0x000000070fe47c48) thrown at [c:/BuildAgent/work/5ff2f6c26000d570/src/hotspot/sha
Event: 7.881 Thread 0x0000025c9fc90800 Exception <a 'java/lang/NoSuchMethodError'{0x000000070f481250}: 'java.lang.Object java.lang.invoke.DirectMethodHandle$Holder.invokeStaticInit(java.lang.Object, int, int, int, int)'> (0x000000070f481250) thrown at [c:/BuildAgent/work/5ff2f6c26000d570/src/h
Event: 8.711 Thread 0x0000025cfb10f800 Implicit null exception at 0x0000025c87c3b613 to 0x0000025c87c3c9ce
Event: 8.795 Thread 0x0000025c9fc90800 Exception <a 'java/lang/NoSuchMethodError'{0x000000070e792bb8}: 'java.lang.Object java.lang.invoke.DirectMethodHandle$Holder.invokeStaticInit(java.lang.Object, java.lang.Object, int, int, int, int)'> (0x000000070e792bb8) thrown at [c:/BuildAgent/work/5ff2

Events (20 events):
Event: 8.916 Executing VM operation: RevokeBias
Event: 8.916 Executing VM operation: RevokeBias done
Event: 8.916 loading class org/sqlite/jdbc3/JDBC3Statement
Event: 8.916 loading class org/sqlite/jdbc3/JDBC3Statement done
Event: 8.917 loading class org/sqlite/core/CoreStatement
Event: 8.917 loading class org/sqlite/core/CoreStatement done
Event: 8.923 loading class org/sqlite/core/CoreResultSet
Event: 8.923 loading class org/sqlite/core/CoreResultSet done
Event: 8.930 loading class org/sqlite/jdbc4/JDBC4ResultSet
Event: 8.930 loading class org/sqlite/jdbc4/JDBC4ResultSet done
Event: 8.932 loading class org/sqlite/jdbc3/JDBC3ResultSet
Event: 8.932 loading class org/sqlite/jdbc3/JDBC3ResultSet done
Event: 8.941 loading class java/util/regex/Pattern$BnM
Event: 8.941 loading class java/util/regex/Pattern$BnM done
Event: 8.941 loading class java/util/regex/Pattern$SliceS
Event: 8.941 loading class java/util/regex/Pattern$SliceS done
Event: 8.950 loading class org/sqlite/ExtendedCommand
Event: 8.950 loading class org/sqlite/ExtendedCommand done
Event: 8.964 loading class org/sqlite/ExtendedCommand$SQLExtension
Event: 8.964 loading class org/sqlite/ExtendedCommand$SQLExtension done


Dynamic libraries:
0x00007ff681500000 - 0x00007ff68150a000 	D:\Programms\IntelliJ IDEA 2019.3.2\jbr\bin\java.exe
0x00007fff24b10000 - 0x00007fff24d06000 	C:\WINDOWS\SYSTEM32\ntdll.dll
0x00007fff238c0000 - 0x00007fff2397d000 	C:\WINDOWS\System32\KERNEL32.DLL
0x00007fff22540000 - 0x00007fff22808000 	C:\WINDOWS\System32\KERNELBASE.dll
0x00007fff229c0000 - 0x00007fff22ac0000 	C:\WINDOWS\System32\ucrtbase.dll
0x00007fff1c2a0000 - 0x00007fff1c2b9000 	D:\Programms\IntelliJ IDEA 2019.3.2\jbr\bin\jli.dll
0x00007fff1c070000 - 0x00007fff1c087000 	D:\Programms\IntelliJ IDEA 2019.3.2\jbr\bin\VCRUNTIME140.dll
0x00007fff23990000 - 0x00007fff23b30000 	C:\WINDOWS\System32\USER32.dll
0x00007fff22b20000 - 0x00007fff22b42000 	C:\WINDOWS\System32\win32u.dll
0x00007fff149c0000 - 0x00007fff14c5b000 	C:\WINDOWS\WinSxS\amd64_microsoft.windows.common-controls_6595b64144ccf1df_6.0.19041.488_none_ca04af081b815d21\COMCTL32.dll
0x00007fff22cd0000 - 0x00007fff22cfa000 	C:\WINDOWS\System32\GDI32.dll
0x00007fff243d0000 - 0x00007fff2446e000 	C:\WINDOWS\System32\msvcrt.dll
0x00007fff22810000 - 0x00007fff22919000 	C:\WINDOWS\System32\gdi32full.dll
0x00007fff22920000 - 0x00007fff229bd000 	C:\WINDOWS\System32\msvcp_win.dll
0x00007fff234c0000 - 0x00007fff234f0000 	C:\WINDOWS\System32\IMM32.DLL
0x00007fff0e620000 - 0x00007fff0e6bd000 	D:\Programms\IntelliJ IDEA 2019.3.2\jbr\bin\msvcp140.dll
0x00007ffeec2b0000 - 0x00007ffeecd6b000 	D:\Programms\IntelliJ IDEA 2019.3.2\jbr\bin\server\jvm.dll
0x00007fff248a0000 - 0x00007fff2494a000 	C:\WINDOWS\System32\ADVAPI32.dll
0x00007fff24950000 - 0x00007fff249eb000 	C:\WINDOWS\System32\sechost.dll
0x00007fff24540000 - 0x00007fff24664000 	C:\WINDOWS\System32\RPCRT4.dll
0x00007fff0aba0000 - 0x00007fff0aba9000 	C:\WINDOWS\SYSTEM32\WSOCK32.dll
0x00007fff23850000 - 0x00007fff238bb000 	C:\WINDOWS\System32\WS2_32.dll
0x00007fff1b7b0000 - 0x00007fff1b7ba000 	C:\WINDOWS\SYSTEM32\VERSION.dll
0x00007fff243c0000 - 0x00007fff243c8000 	C:\WINDOWS\System32\PSAPI.DLL
0x00007fff14c60000 - 0x00007fff14c87000 	C:\WINDOWS\SYSTEM32\WINMM.dll
0x00007fff20b60000 - 0x00007fff20b72000 	C:\WINDOWS\SYSTEM32\kernel.appcore.dll
0x00007ffeee580000 - 0x00007ffeee591000 	D:\Programms\IntelliJ IDEA 2019.3.2\jbr\bin\verify.dll
0x00007fff207e0000 - 0x00007fff209c4000 	C:\WINDOWS\SYSTEM32\DBGHELP.DLL
0x00007fff07210000 - 0x00007fff0723c000 	C:\WINDOWS\SYSTEM32\dbgcore.DLL
0x00007fff22330000 - 0x00007fff223af000 	C:\WINDOWS\System32\bcryptPrimitives.dll
0x00007ffeee150000 - 0x00007ffeee179000 	D:\Programms\IntelliJ IDEA 2019.3.2\jbr\bin\java.dll
0x00007fff1d7c0000 - 0x00007fff1d7cf000 	D:\Programms\IntelliJ IDEA 2019.3.2\jbr\bin\instrument.dll
0x00007ffeee560000 - 0x00007ffeee577000 	D:\Programms\IntelliJ IDEA 2019.3.2\jbr\bin\zip.dll
0x00007fff01660000 - 0x00007fff0166b000 	D:\Programms\IntelliJ IDEA 2019.3.2\jbr\bin\jimage.dll
0x00007fff23b50000 - 0x00007fff24290000 	C:\WINDOWS\System32\SHELL32.dll
0x00007fff1ff70000 - 0x00007fff20704000 	C:\WINDOWS\SYSTEM32\windows.storage.dll
0x00007fff234f0000 - 0x00007fff23845000 	C:\WINDOWS\System32\combase.dll
0x00007fff21ca0000 - 0x00007fff21ccc000 	C:\WINDOWS\SYSTEM32\Wldp.dll
0x00007fff249f0000 - 0x00007fff24a9e000 	C:\WINDOWS\System32\SHCORE.dll
0x00007fff23380000 - 0x00007fff233d5000 	C:\WINDOWS\System32\shlwapi.dll
0x00007fff22160000 - 0x00007fff22186000 	C:\WINDOWS\SYSTEM32\profapi.dll
0x00007ffeed040000 - 0x00007ffeed05a000 	D:\Programms\IntelliJ IDEA 2019.3.2\jbr\bin\net.dll
0x00007fff169f0000 - 0x00007fff16af0000 	C:\WINDOWS\SYSTEM32\WINHTTP.dll
0x00007fff21a20000 - 0x00007fff21a8a000 	C:\WINDOWS\system32\mswsock.dll
0x00007ffeed020000 - 0x00007ffeed034000 	D:\Programms\IntelliJ IDEA 2019.3.2\jbr\bin\nio.dll
0x00007fff0e810000 - 0x00007fff0e82a000 	D:\Programms\IntelliJ IDEA 2019.3.2\bin\breakgen64.dll
0x00007fff21bf0000 - 0x00007fff21c08000 	C:\WINDOWS\SYSTEM32\CRYPTSP.dll
0x00007fff212e0000 - 0x00007fff21314000 	C:\WINDOWS\system32\rsaenh.dll
0x00007fff223b0000 - 0x00007fff223d7000 	C:\WINDOWS\System32\bcrypt.dll
0x00007fff220e0000 - 0x00007fff2210e000 	C:\WINDOWS\SYSTEM32\USERENV.dll
0x00007fff21c10000 - 0x00007fff21c1c000 	C:\WINDOWS\SYSTEM32\CRYPTBASE.dll
0x00007fff216a0000 - 0x00007fff216db000 	C:\WINDOWS\SYSTEM32\IPHLPAPI.DLL
0x00007fff23980000 - 0x00007fff23989000 	C:\WINDOWS\System32\NSI.dll
0x00007fff19550000 - 0x00007fff19567000 	C:\WINDOWS\SYSTEM32\dhcpcsvc6.DLL
0x00007fff19800000 - 0x00007fff1981d000 	C:\WINDOWS\SYSTEM32\dhcpcsvc.DLL
0x00007fff216e0000 - 0x00007fff217ab000 	C:\WINDOWS\SYSTEM32\DNSAPI.dll
0x000000006d580000 - 0x000000006d63d000 	C:\Users\matve\AppData\Local\Temp\sqlite-3.8.11.2-c28eaf9f-2266-4a91-ae4a-206bdce92532-sqlitejdbc.dll
0x0000000000d40000 - 0x0000000000dfd000 	C:\Users\matve\AppData\Local\Temp\sqlite-3.8.11.2-8eb98fd1-b12c-4d8f-a712-f82c419bc6db-sqlitejdbc.dll

dbghelp: loaded successfully - version: 4.0.5 - missing functions: none
symbol engine: initialized successfully - sym options: 0x614 - pdb path: .;D:\Programms\IntelliJ IDEA 2019.3.2\jbr\bin;C:\WINDOWS\SYSTEM32;C:\WINDOWS\WinSxS\amd64_microsoft.windows.common-controls_6595b64144ccf1df_6.0.19041.488_none_ca04af081b815d21;D:\Programms\IntelliJ IDEA 2019.3.2\jbr\bin\server;D:\Programms\IntelliJ IDEA 2019.3.2\bin;C:\Users\matve\AppData\Local\Temp

VM Arguments:
jvm_args: -Dvisualvm.id=866972073951600 -ea -Didea.test.cyclic.buffer.size=1048576 -javaagent:D:\Programms\IntelliJ IDEA 2019.3.2\lib\idea_rt.jar=51694:D:\Programms\IntelliJ IDEA 2019.3.2\bin -Dfile.encoding=UTF-8 
java_command: com.intellij.rt.junit.JUnitStarter -ideVersion5 @w@C:\Users\matve\AppData\Local\Temp\idea_working_dirs_junit.tmp @C:\Users\matve\AppData\Local\Temp\idea_junit.tmp -socket51693
java_class_path (initial): D:\Programms\IntelliJ IDEA 2019.3.2\lib\idea_rt.jar;D:\Programms\IntelliJ IDEA 2019.3.2\plugins\junit\lib\junit5-rt.jar;D:\Programms\IntelliJ IDEA 2019.3.2\plugins\junit\lib\junit-rt.jar;D:\Java19\SoftwareDesign\lab3\target\test-classes;D:\Java19\SoftwareDesign\lab3\target\classes;C:\Users\matve\.m2\repository\org\xerial\sqlite-jdbc\3.8.11.2\sqlite-jdbc-3.8.11.2.jar;C:\Users\matve\.m2\repository\org\eclipse\jetty\jetty-server\9.4.21.v20190926\jetty-server-9.4.21.v20190926.jar;C:\Users\matve\.m2\repository\javax\servlet\javax.servlet-api\3.1.0\javax.servlet-api-3.1.0.jar;C:\Users\matve\.m2\repository\org\eclipse\jetty\jetty-http\9.4.21.v20190926\jetty-http-9.4.21.v20190926.jar;C:\Users\matve\.m2\repository\org\eclipse\jetty\jetty-util\9.4.21.v20190926\jetty-util-9.4.21.v20190926.jar;C:\Users\matve\.m2\repository\org\eclipse\jetty\jetty-io\9.4.21.v20190926\jetty-io-9.4.21.v20190926.jar;C:\Users\matve\.m2\repository\org\eclipse\jetty\jetty-servlet\9.4.21.v20190926\jetty-servlet-9.4.21.v20190926.jar;C:\Users\matve\.m2\repository\org\eclipse\jetty\jetty-security\9.4.21.v20190926\jetty-security-9.4.21.v20190926.jar;C:\Users\matve\.m2\repository\junit\junit\4.12\junit-4.12.jar;C:\Users\matve\.m2\repository\org\hamcrest\hamcrest-core\1.3\hamcrest-core-1.3.jar;C:\Users\matve\.m2\repository\net\sourceforge\jwebunit\jwebunit-htmlunit-plugin\3.3\jwebunit-htmlunit-plugin-3.3.jar;C:\Users\matve\.m2\repository\net\sourceforge\htmlunit\htmlunit\2.18\htmlunit-2.18.jar;C:\Users\matve\.m2\repository\xalan\xalan\2.7.2\xalan-2.7.2.jar;C:\Users\matve\.m2\repository\xalan\serializer\2.7.2\serializer-2.7.2.jar;C:\Users\matve\.m2\repository\commons-collections\commons-collections\3.2.1\commons-collections-3.2.1.jar;C:\Users\matve\.m2\repository\org\apache\commons\commons-lang3\3.4\commons-lang3-3.4.jar;C:\Users\matve\.m2\repository\org\apache\httpcomponents\httpclient\4.5\httpclient-4.5.jar;C:\Users\matve\.m2\repository\org\apache\httpcomponents\httpcore\4.4.1\h
Launcher Type: SUN_STANDARD

[Global flags]
     intx CICompilerCount                          = 4                                         {product} {ergonomic}
     uint ConcGCThreads                            = 2                                         {product} {ergonomic}
     uint G1ConcRefinementThreads                  = 8                                         {product} {ergonomic}
   size_t G1HeapRegionSize                         = 1048576                                   {product} {ergonomic}
    uintx GCDrainStackTargetSize                   = 64                                        {product} {ergonomic}
   size_t InitialHeapSize                          = 266338304                                 {product} {ergonomic}
   size_t MarkStackSize                            = 4194304                                   {product} {ergonomic}
   size_t MaxHeapSize                              = 4261412864                                {product} {ergonomic}
   size_t MaxNewSize                               = 2556428288                                {product} {ergonomic}
   size_t MinHeapDeltaBytes                        = 1048576                                   {product} {ergonomic}
    uintx NonNMethodCodeHeapSize                   = 5836300                                {pd product} {ergonomic}
    uintx NonProfiledCodeHeapSize                  = 122910970                              {pd product} {ergonomic}
    uintx ProfiledCodeHeapSize                     = 122910970                              {pd product} {ergonomic}
    uintx ReservedCodeCacheSize                    = 251658240                              {pd product} {ergonomic}
     bool SegmentedCodeCache                       = true                                      {product} {ergonomic}
     bool UseCompressedClassPointers               = true                                 {lp64_product} {ergonomic}
     bool UseCompressedOops                        = true                                 {lp64_product} {ergonomic}
     bool UseG1GC                                  = true                                      {product} {ergonomic}
     bool UseLargePagesIndividualAllocation        = false                                  {pd product} {ergonomic}

Logging:
Log output configuration:
 #0: stdout all=warning uptime,level,tags
 #1: stderr all=off uptime,level,tags

Environment Variables:
JAVA_HOME=C:\Program Files\Java\jdk-11.0.2
PATH=C:\Program Files\Haskell\bin;D:\Programms\8.6.5\lib\extralibs\bin;D:\Programms\8.6.5\bin;C:\Program Files\Java\jdk-11.0.2\bin;C:\Program Files (x86)\Common Files\Oracle\Java\javapath;C:\Program Files (x86)\Intel\iCLS Client\;C:\Program Files\Intel\iCLS Client\;C:\Windows\system32;C:\Windows;C:\Windows\System32\Wbem;C:\Windows\System32\WindowsPowerShell\v1.0\;C:\Program Files (x86)\Intel\Intel(R) Management Engine Components\DAL;C:\Program Files\Intel\Intel(R) Management Engine Components\DAL;C:\Program Files (x86)\Intel\Intel(R) Management Engine Components\IPT;C:\Program Files\Intel\Intel(R) Management Engine Components\IPT;C:\WINDOWS\system32;C:\WINDOWS;C:\WINDOWS\System32\Wbem;C:\WINDOWS\System32\WindowsPowerShell\v1.0\;C:\WINDOWS\System32\OpenSSH\;D:\Git\cmd;C:\Program Files\Common Files\Autodesk Shared\;C:\MinGW\bin;C:\Program Files\NVIDIA Corporation\NVIDIA NvDLISR;D:\Program Files\GnuWin32\bin;D:\Programms\Dwimperl\perl\bin;D:\Programms\Dwimperl\perl\site\bin;D:\Programms\Dwimperl\c\bin;C:\Program Files (x86)\NVIDIA Corporation\PhysX\Common;C:\Program Files\Intel\WiFi\bin\;C:\Program Files\Common Files\Intel\WirelessCommon\;C:\Users\matve\AppData\Roaming\cabal\bin;D:\Programms\8.6.5\mingw\bin;D:\Programms\LaTeX\miktex\bin;;C:\WINDOWS\system32;C:\WINDOWS;C:\WINDOWS\System32\Wbem;C:\WINDOWS\System32\WindowsPowerShell\v1.0\;C:\WINDOWS\System32\OpenSSH\;D:\Programms\Cloud Foundry;D:\Programms\PuTTY\;D:\Programms\Ruby26-x64\bin;D:\Programms\Python3.8\Scripts\;D:\Programms\Python3.8\;D:\Programms\Haskell\bin;C:\Users\matve\AppData\Roaming\cabal\bin;C:\Users\matve\AppData\Roaming\local\bin;C:\Program Files\Java\jdk-11.0.2\bin;C:\Users\matve\AppData\Local\Microsoft\WindowsApps;D:\apache-maven-3.5.4\bin\;C:\MinGW\bin;D:\Programms\LaTeX\miktex\bin\x64\;D:\Programms\apache-maven-3.6.3-bin\apache-maven-3.6.3\bin;D:\Programms\pgsql\bin;D:\downloads\apache-tomcat-9.0.37-windows-x64\apache-tomcat-9.0.37\bin;D:\Programms\jruby-9.2.13.0\bin;
USERNAME=matve
OS=Windows_NT
PROCESSOR_IDENTIFIER=Intel64 Family 6 Model 158 Stepping 9, GenuineIntel



---------------  S Y S T E M  ---------------

OS: Windows 10 , 64 bit Build 19041 (10.0.19041.546)

CPU:total 8 (initial active 8) (4 cores per cpu, 2 threads per core) family 6 model 158 stepping 9, cmov, cx8, fxsr, mmx, sse, sse2, sse3, ssse3, sse4.1, sse4.2, popcnt, avx, avx2, aes, clmul, erms, 3dnowpref, lzcnt, ht, tsc, tscinvbit, bmi1, bmi2, adx, fma

Memory: 4k page, system-wide physical 16250M (3918M free)
TotalPageFile size 27827M (AvailPageFile size 3591M)
current process WorkingSet (physical memory assigned to process): 278M, peak: 295M
current process commit charge ("private bytes"): 404M, peak: 426M

vm_info: OpenJDK 64-Bit Server VM (11.0.5+10-b520.30) for windows-amd64 JRE (11.0.5+10-b520.30), built on Dec 24 2019 12:06:09 by "" with MS VC++ 14.0 (VS2015)

END.
